2024-05-13 10:36:19,213 | INFO | A new study created in memory with name: no-name-81e70571-0eab-4458-a7fa-6721377b112b
2024-05-13 10:42:02,562 | INFO | Trial 0 finished with value: 0.47626930475234985 and parameters: {'mf_dim': 80.0, 'n_mlp_layers': 9, 'mlp_layers_dim': 96.0, 'mlp_kwargs_dropout': True, 'mlp_kwargs_batchnorm': False, 'mlp_kwargs_dropout_rate': 0.3545582504786585, 'lr': 0.0036122360397225902, 'n_epochs': 13.0}. Best is trial 0 with value: 0.47626930475234985.
2024-05-13 10:47:54,532 | INFO | Trial 1 finished with value: 0.5320088267326355 and parameters: {'mf_dim': 96.0, 'n_mlp_layers': 9, 'mlp_layers_dim': 160.0, 'mlp_kwargs_dropout': False, 'mlp_kwargs_batchnorm': False, 'mlp_kwargs_dropout_rate': 0.490231345637947, 'lr': 0.0032300601013462464, 'n_epochs': 17.0}. Best is trial 1 with value: 0.5320088267326355.
2024-05-13 10:51:27,150 | INFO | Trial 2 finished with value: 0.5612582564353943 and parameters: {'mf_dim': 72.0, 'n_mlp_layers': 5, 'mlp_layers_dim': 16.0, 'mlp_kwargs_dropout': False, 'mlp_kwargs_batchnorm': False, 'mlp_kwargs_dropout_rate': 0.5065951752532041, 'lr': 0.002446492989983236, 'n_epochs': 15.0}. Best is trial 2 with value: 0.5612582564353943.
2024-05-13 10:53:00,001 | INFO | Trial 3 finished with value: 0.5816776752471924 and parameters: {'mf_dim': 80.0, 'n_mlp_layers': 4, 'mlp_layers_dim': 128.0, 'mlp_kwargs_dropout': False, 'mlp_kwargs_batchnorm': False, 'mlp_kwargs_dropout_rate': 0.40796278799378616, 'lr': 0.0020626296027145344, 'n_epochs': 5.0}. Best is trial 3 with value: 0.5816776752471924.
2024-05-13 10:56:45,678 | INFO | Trial 4 finished with value: 0.5943708419799805 and parameters: {'mf_dim': 48.0, 'n_mlp_layers': 10, 'mlp_layers_dim': 144.0, 'mlp_kwargs_dropout': False, 'mlp_kwargs_batchnorm': True, 'mlp_kwargs_dropout_rate': 0.12868927844689884, 'lr': 0.0023250060645252928, 'n_epochs': 9.0}. Best is trial 4 with value: 0.5943708419799805.
2024-05-13 11:00:07,034 | INFO | Trial 5 finished with value: 0.5452538728713989 and parameters: {'mf_dim': 128.0, 'n_mlp_layers': 4, 'mlp_layers_dim': 112.0, 'mlp_kwargs_dropout': True, 'mlp_kwargs_batchnorm': False, 'mlp_kwargs_dropout_rate': 0.2461023998699223, 'lr': 0.0028451791228879036, 'n_epochs': 9.0}. Best is trial 4 with value: 0.5943708419799805.
2024-05-13 11:03:58,107 | INFO | Trial 6 finished with value: 0.6274834275245667 and parameters: {'mf_dim': 56.0, 'n_mlp_layers': 9, 'mlp_layers_dim': 384.0, 'mlp_kwargs_dropout': False, 'mlp_kwargs_batchnorm': True, 'mlp_kwargs_dropout_rate': 0.5556817448471412, 'lr': 0.003110816605435187, 'n_epochs': 5.0}. Best is trial 6 with value: 0.6274834275245667.
2024-05-13 11:14:51,179 | INFO | Trial 7 finished with value: 0.5844370722770691 and parameters: {'mf_dim': 24.0, 'n_mlp_layers': 7, 'mlp_layers_dim': 416.0, 'mlp_kwargs_dropout': False, 'mlp_kwargs_batchnorm': True, 'mlp_kwargs_dropout_rate': 0.5157762062831877, 'lr': 0.002978607323618481, 'n_epochs': 17.0}. Best is trial 6 with value: 0.6274834275245667.
2024-05-13 11:26:56,302 | INFO | Trial 8 finished with value: 0.564017653465271 and parameters: {'mf_dim': 120.0, 'n_mlp_layers': 5, 'mlp_layers_dim': 304.0, 'mlp_kwargs_dropout': True, 'mlp_kwargs_batchnorm': False, 'mlp_kwargs_dropout_rate': 0.24466508778406404, 'lr': 0.003651740087770866, 'n_epochs': 17.0}. Best is trial 6 with value: 0.6274834275245667.
2024-05-13 11:37:02,805 | INFO | Trial 9 finished with value: 0.5375276207923889 and parameters: {'mf_dim': 80.0, 'n_mlp_layers': 8, 'mlp_layers_dim': 352.0, 'mlp_kwargs_dropout': True, 'mlp_kwargs_batchnorm': True, 'mlp_kwargs_dropout_rate': 0.8865800553754118, 'lr': 0.004005507194864971, 'n_epochs': 9.0}. Best is trial 6 with value: 0.6274834275245667.
2024-05-13 15:53:13,093 | INFO | A new study created in memory with name: no-name-b926a92b-37f7-43fb-9711-27ceca49dfe3
2024-05-13 16:05:53,885 | INFO | Trial 0 finished with value: 0.5678808093070984 and parameters: {'mf_dim': 80.0, 'n_mlp_layers': 9, 'mlp_layers_dim': 208.0, 'mlp_kwargs_dropout': True, 'mlp_kwargs_batchnorm': False, 'mlp_kwargs_dropout_rate': 0.16501827782481293, 'lr': 0.00012579833472225771, 'n_epochs': 17.0}. Best is trial 0 with value: 0.5678808093070984.
2024-05-13 16:13:56,951 | INFO | Trial 1 finished with value: 0.4862031042575836 and parameters: {'mf_dim': 128.0, 'n_mlp_layers': 5, 'mlp_layers_dim': 464.0, 'mlp_kwargs_dropout': False, 'mlp_kwargs_batchnorm': False, 'mlp_kwargs_dropout_rate': 0.4282547136680386, 'lr': 0.0009772597488936486, 'n_epochs': 15.0}. Best is trial 0 with value: 0.5678808093070984.
2024-05-13 16:27:22,662 | INFO | Trial 2 finished with value: 0.5976821184158325 and parameters: {'mf_dim': 24.0, 'n_mlp_layers': 9, 'mlp_layers_dim': 304.0, 'mlp_kwargs_dropout': False, 'mlp_kwargs_batchnorm': True, 'mlp_kwargs_dropout_rate': 0.10894816092815446, 'lr': 0.004901379042572896, 'n_epochs': 19.0}. Best is trial 2 with value: 0.5976821184158325.
2024-05-13 16:32:38,052 | INFO | Trial 3 finished with value: 0.6578366160392761 and parameters: {'mf_dim': 32.0, 'n_mlp_layers': 6, 'mlp_layers_dim': 496.0, 'mlp_kwargs_dropout': False, 'mlp_kwargs_batchnorm': True, 'mlp_kwargs_dropout_rate': 0.4536392190441475, 'lr': 0.004144556029028259, 'n_epochs': 7.0}. Best is trial 3 with value: 0.6578366160392761.
2024-05-13 16:35:37,040 | INFO | Trial 4 finished with value: 0.5684326887130737 and parameters: {'mf_dim': 32.0, 'n_mlp_layers': 7, 'mlp_layers_dim': 128.0, 'mlp_kwargs_dropout': False, 'mlp_kwargs_batchnorm': False, 'mlp_kwargs_dropout_rate': 0.43847859864016214, 'lr': 0.001520007145523154, 'n_epochs': 9.0}. Best is trial 3 with value: 0.6578366160392761.
2024-05-13 16:39:16,450 | INFO | Trial 5 finished with value: 0.5684326887130737 and parameters: {'mf_dim': 88.0, 'n_mlp_layers': 9, 'mlp_layers_dim': 112.0, 'mlp_kwargs_dropout': False, 'mlp_kwargs_batchnorm': True, 'mlp_kwargs_dropout_rate': 0.19391495123800057, 'lr': 0.0027917282217163573, 'n_epochs': 9.0}. Best is trial 3 with value: 0.6578366160392761.
2024-05-13 16:44:58,317 | INFO | Trial 6 finished with value: 0.5618101358413696 and parameters: {'mf_dim': 56.0, 'n_mlp_layers': 3, 'mlp_layers_dim': 304.0, 'mlp_kwargs_dropout': False, 'mlp_kwargs_batchnorm': False, 'mlp_kwargs_dropout_rate': 0.4093405837578289, 'lr': 0.0034712264464212728, 'n_epochs': 15.0}. Best is trial 3 with value: 0.6578366160392761.
2024-05-13 16:58:50,512 | INFO | Trial 7 finished with value: 0.5314569473266602 and parameters: {'mf_dim': 8.0, 'n_mlp_layers': 8, 'mlp_layers_dim': 384.0, 'mlp_kwargs_dropout': True, 'mlp_kwargs_batchnorm': False, 'mlp_kwargs_dropout_rate': 0.8724288717275466, 'lr': 0.0027588320696846783, 'n_epochs': 13.0}. Best is trial 3 with value: 0.6578366160392761.
