2024-05-13 15:53:13,093 | INFO | A new study created in memory with name: no-name-b926a92b-37f7-43fb-9711-27ceca49dfe3
2024-05-13 16:05:53,885 | INFO | Trial 0 finished with value: 0.5678808093070984 and parameters: {'mf_dim': 80.0, 'n_mlp_layers': 9, 'mlp_layers_dim': 208.0, 'mlp_kwargs_dropout': True, 'mlp_kwargs_batchnorm': False, 'mlp_kwargs_dropout_rate': 0.16501827782481293, 'lr': 0.00012579833472225771, 'n_epochs': 17.0}. Best is trial 0 with value: 0.5678808093070984.
2024-05-13 16:13:56,951 | INFO | Trial 1 finished with value: 0.4862031042575836 and parameters: {'mf_dim': 128.0, 'n_mlp_layers': 5, 'mlp_layers_dim': 464.0, 'mlp_kwargs_dropout': False, 'mlp_kwargs_batchnorm': False, 'mlp_kwargs_dropout_rate': 0.4282547136680386, 'lr': 0.0009772597488936486, 'n_epochs': 15.0}. Best is trial 0 with value: 0.5678808093070984.
2024-05-13 16:27:22,662 | INFO | Trial 2 finished with value: 0.5976821184158325 and parameters: {'mf_dim': 24.0, 'n_mlp_layers': 9, 'mlp_layers_dim': 304.0, 'mlp_kwargs_dropout': False, 'mlp_kwargs_batchnorm': True, 'mlp_kwargs_dropout_rate': 0.10894816092815446, 'lr': 0.004901379042572896, 'n_epochs': 19.0}. Best is trial 2 with value: 0.5976821184158325.
2024-05-13 16:32:38,052 | INFO | Trial 3 finished with value: 0.6578366160392761 and parameters: {'mf_dim': 32.0, 'n_mlp_layers': 6, 'mlp_layers_dim': 496.0, 'mlp_kwargs_dropout': False, 'mlp_kwargs_batchnorm': True, 'mlp_kwargs_dropout_rate': 0.4536392190441475, 'lr': 0.004144556029028259, 'n_epochs': 7.0}. Best is trial 3 with value: 0.6578366160392761.
2024-05-13 16:35:37,040 | INFO | Trial 4 finished with value: 0.5684326887130737 and parameters: {'mf_dim': 32.0, 'n_mlp_layers': 7, 'mlp_layers_dim': 128.0, 'mlp_kwargs_dropout': False, 'mlp_kwargs_batchnorm': False, 'mlp_kwargs_dropout_rate': 0.43847859864016214, 'lr': 0.001520007145523154, 'n_epochs': 9.0}. Best is trial 3 with value: 0.6578366160392761.
2024-05-13 16:39:16,450 | INFO | Trial 5 finished with value: 0.5684326887130737 and parameters: {'mf_dim': 88.0, 'n_mlp_layers': 9, 'mlp_layers_dim': 112.0, 'mlp_kwargs_dropout': False, 'mlp_kwargs_batchnorm': True, 'mlp_kwargs_dropout_rate': 0.19391495123800057, 'lr': 0.0027917282217163573, 'n_epochs': 9.0}. Best is trial 3 with value: 0.6578366160392761.
2024-05-13 16:44:58,317 | INFO | Trial 6 finished with value: 0.5618101358413696 and parameters: {'mf_dim': 56.0, 'n_mlp_layers': 3, 'mlp_layers_dim': 304.0, 'mlp_kwargs_dropout': False, 'mlp_kwargs_batchnorm': False, 'mlp_kwargs_dropout_rate': 0.4093405837578289, 'lr': 0.0034712264464212728, 'n_epochs': 15.0}. Best is trial 3 with value: 0.6578366160392761.
2024-05-13 16:58:50,512 | INFO | Trial 7 finished with value: 0.5314569473266602 and parameters: {'mf_dim': 8.0, 'n_mlp_layers': 8, 'mlp_layers_dim': 384.0, 'mlp_kwargs_dropout': True, 'mlp_kwargs_batchnorm': False, 'mlp_kwargs_dropout_rate': 0.8724288717275466, 'lr': 0.0027588320696846783, 'n_epochs': 13.0}. Best is trial 3 with value: 0.6578366160392761.
