2024-05-12 17:08:26,941 | INFO | A new study created in memory with name: no-name-a06c15ff-130b-44b1-9a0f-8bb8c39a4797
2024-05-12 17:12:48,003 | INFO | Trial 0 finished with value: 0.5551876425743103 and parameters: {'n_mlp_layers': 4, 'mlp_layers_dim': 304.0, 'mlp_kwargs_dropout': False, 'mlp_kwargs_batchnorm': False, 'mlp_kwargs_dropout_rate': 0.6579776259944203, 'lr': 0.0011921813618379527, 'n_epochs': 11.0}. Best is trial 0 with value: 0.5551876425743103.
2024-05-12 17:16:56,142 | INFO | Trial 1 finished with value: 0.6512141227722168 and parameters: {'n_mlp_layers': 6, 'mlp_layers_dim': 496.0, 'mlp_kwargs_dropout': False, 'mlp_kwargs_batchnorm': False, 'mlp_kwargs_dropout_rate': 0.5587254241057561, 'lr': 0.004005098808222355, 'n_epochs': 7.0}. Best is trial 1 with value: 0.6512141227722168.
2024-05-12 17:22:55,385 | INFO | Trial 2 finished with value: 0.5822295546531677 and parameters: {'n_mlp_layers': 9, 'mlp_layers_dim': 416.0, 'mlp_kwargs_dropout': True, 'mlp_kwargs_batchnorm': False, 'mlp_kwargs_dropout_rate': 0.5727992136768497, 'lr': 0.00033978025195492863, 'n_epochs': 5.0}. Best is trial 1 with value: 0.6512141227722168.
2024-05-12 17:37:55,237 | INFO | Trial 3 finished with value: 0.5794702172279358 and parameters: {'n_mlp_layers': 8, 'mlp_layers_dim': 448.0, 'mlp_kwargs_dropout': True, 'mlp_kwargs_batchnorm': False, 'mlp_kwargs_dropout_rate': 0.6587613051144786, 'lr': 0.0038612395716928235, 'n_epochs': 13.0}. Best is trial 1 with value: 0.6512141227722168.
2024-05-12 17:49:53,468 | INFO | Trial 4 finished with value: 0.430463582277298 and parameters: {'n_mlp_layers': 7, 'mlp_layers_dim': 416.0, 'mlp_kwargs_dropout': False, 'mlp_kwargs_batchnorm': True, 'mlp_kwargs_dropout_rate': 0.49970463904280327, 'lr': 0.0003208017758943821, 'n_epochs': 19.0}. Best is trial 1 with value: 0.6512141227722168.
