2024-05-14 15:23:20,421 | INFO | A new study created in memory with name: no-name-973a406d-efe9-41ab-961b-e881c9f33fb7
2024-05-14 15:31:30,349 | INFO | Trial 0 finished with value: 0.19260485470294952 and parameters: {'n_mlp_layers': 9, 'mlp_layers_dim': 448.0, 'mlp_kwargs_dropout': True, 'mlp_kwargs_batchnorm': True, 'mlp_kwargs_dropout_rate': 0.8180674440911959, 'lr': 0.0006128156928358027, 'n_epochs': 5.0}. Best is trial 0 with value: 0.19260485470294952.
2024-05-14 15:38:38,872 | INFO | Trial 1 finished with value: 0.567328929901123 and parameters: {'n_mlp_layers': 5, 'mlp_layers_dim': 48.0, 'mlp_kwargs_dropout': True, 'mlp_kwargs_batchnorm': True, 'mlp_kwargs_dropout_rate': 0.4643348562793439, 'lr': 0.0015644649939056084, 'n_epochs': 17.0}. Best is trial 1 with value: 0.567328929901123.
2024-05-14 15:42:06,770 | INFO | Trial 2 finished with value: 0.5767108201980591 and parameters: {'n_mlp_layers': 10, 'mlp_layers_dim': 48.0, 'mlp_kwargs_dropout': False, 'mlp_kwargs_batchnorm': False, 'mlp_kwargs_dropout_rate': 0.5975416794824503, 'lr': 0.0034334062236579094, 'n_epochs': 9.0}. Best is trial 2 with value: 0.5767108201980591.
2024-05-14 15:47:04,367 | INFO | Trial 3 finished with value: 0.41887417435646057 and parameters: {'n_mlp_layers': 9, 'mlp_layers_dim': 96.0, 'mlp_kwargs_dropout': True, 'mlp_kwargs_batchnorm': False, 'mlp_kwargs_dropout_rate': 0.7276639130222693, 'lr': 0.0042376657651797935, 'n_epochs': 9.0}. Best is trial 2 with value: 0.5767108201980591.
2024-05-14 15:52:15,174 | INFO | Trial 4 finished with value: 0.6230684518814087 and parameters: {'n_mlp_layers': 9, 'mlp_layers_dim': 400.0, 'mlp_kwargs_dropout': False, 'mlp_kwargs_batchnorm': False, 'mlp_kwargs_dropout_rate': 0.10651146716504352, 'lr': 0.002457932493849651, 'n_epochs': 7.0}. Best is trial 4 with value: 0.6230684518814087.
2024-05-14 15:54:22,201 | INFO | Trial 5 finished with value: 0.5761589407920837 and parameters: {'n_mlp_layers': 9, 'mlp_layers_dim': 48.0, 'mlp_kwargs_dropout': False, 'mlp_kwargs_batchnorm': False, 'mlp_kwargs_dropout_rate': 0.3265362469953097, 'lr': 0.0031158140711736075, 'n_epochs': 5.0}. Best is trial 4 with value: 0.6230684518814087.
2024-05-14 15:59:27,997 | INFO | Trial 6 finished with value: 0.6098234057426453 and parameters: {'n_mlp_layers': 9, 'mlp_layers_dim': 176.0, 'mlp_kwargs_dropout': False, 'mlp_kwargs_batchnorm': True, 'mlp_kwargs_dropout_rate': 0.5430741492989233, 'lr': 0.0036075533907081415, 'n_epochs': 9.0}. Best is trial 4 with value: 0.6230684518814087.
2024-05-14 16:08:04,850 | INFO | Trial 7 finished with value: 0.5176600217819214 and parameters: {'n_mlp_layers': 9, 'mlp_layers_dim': 160.0, 'mlp_kwargs_dropout': False, 'mlp_kwargs_batchnorm': True, 'mlp_kwargs_dropout_rate': 0.31230652619230953, 'lr': 0.0012193145109717157, 'n_epochs': 17.0}. Best is trial 4 with value: 0.6230684518814087.
2024-05-14 16:17:12,464 | INFO | Trial 8 finished with value: 0.5700883269309998 and parameters: {'n_mlp_layers': 4, 'mlp_layers_dim': 160.0, 'mlp_kwargs_dropout': True, 'mlp_kwargs_batchnorm': False, 'mlp_kwargs_dropout_rate': 0.7046721970491788, 'lr': 0.00472914056138591, 'n_epochs': 19.0}. Best is trial 4 with value: 0.6230684518814087.
2024-05-14 16:22:53,342 | INFO | Trial 9 finished with value: 0.5811258554458618 and parameters: {'n_mlp_layers': 3, 'mlp_layers_dim': 64.0, 'mlp_kwargs_dropout': True, 'mlp_kwargs_batchnorm': True, 'mlp_kwargs_dropout_rate': 0.4593769957338708, 'lr': 0.0023240991605324992, 'n_epochs': 15.0}. Best is trial 4 with value: 0.6230684518814087.
2024-05-14 16:29:42,555 | INFO | Trial 10 finished with value: 0.5789183378219604 and parameters: {'n_mlp_layers': 7, 'mlp_layers_dim': 400.0, 'mlp_kwargs_dropout': False, 'mlp_kwargs_batchnorm': False, 'mlp_kwargs_dropout_rate': 0.11465850149073678, 'lr': 0.0023414429424274724, 'n_epochs': 11.0}. Best is trial 4 with value: 0.6230684518814087.
