2024-05-14 17:48:32,191 | INFO | A new study created in memory with name: no-name-619eab88-a1be-4d2b-99ed-4b84f2376fcd
2024-05-14 18:03:48,582 | INFO | Trial 0 finished with value: 0.5800220966339111 and parameters: {'l': 13, 'n_mlp_layers': 8, 'mlp_layers_dim': 240.0, 'mlp_kwargs_dropout': True, 'mlp_kwargs_batchnorm': False, 'mlp_kwargs_dropout_rate': 0.36838066764873223, 'lr': 0.0007526142209475434, 'n_epochs': 17.0}. Best is trial 0 with value: 0.5800220966339111.
2024-05-14 18:09:16,218 | INFO | Trial 1 finished with value: 0.573399543762207 and parameters: {'l': 12, 'n_mlp_layers': 5, 'mlp_layers_dim': 224.0, 'mlp_kwargs_dropout': False, 'mlp_kwargs_batchnorm': True, 'mlp_kwargs_dropout_rate': 0.7847341277133192, 'lr': 0.0009996159655566953, 'n_epochs': 9.0}. Best is trial 0 with value: 0.5800220966339111.
2024-05-14 18:15:50,543 | INFO | Trial 2 finished with value: 0.5745033025741577 and parameters: {'l': 21, 'n_mlp_layers': 8, 'mlp_layers_dim': 96.0, 'mlp_kwargs_dropout': False, 'mlp_kwargs_batchnorm': True, 'mlp_kwargs_dropout_rate': 0.7736645860207954, 'lr': 0.0013076524955330134, 'n_epochs': 11.0}. Best is trial 0 with value: 0.5800220966339111.
2024-05-14 18:28:45,857 | INFO | Trial 3 finished with value: 0.6142383813858032 and parameters: {'l': 14, 'n_mlp_layers': 6, 'mlp_layers_dim': 352.0, 'mlp_kwargs_dropout': False, 'mlp_kwargs_batchnorm': False, 'mlp_kwargs_dropout_rate': 0.26723524480859684, 'lr': 0.0036843916330645495, 'n_epochs': 19.0}. Best is trial 3 with value: 0.6142383813858032.
2024-05-14 18:42:33,677 | INFO | Trial 4 finished with value: 0.6131346821784973 and parameters: {'l': 21, 'n_mlp_layers': 9, 'mlp_layers_dim': 352.0, 'mlp_kwargs_dropout': True, 'mlp_kwargs_batchnorm': False, 'mlp_kwargs_dropout_rate': 0.614513794119671, 'lr': 0.00403519172139507, 'n_epochs': 11.0}. Best is trial 3 with value: 0.6142383813858032.
2024-05-14 18:49:10,185 | INFO | Trial 5 finished with value: 0.6214128136634827 and parameters: {'l': 10, 'n_mlp_layers': 3, 'mlp_layers_dim': 224.0, 'mlp_kwargs_dropout': True, 'mlp_kwargs_batchnorm': True, 'mlp_kwargs_dropout_rate': 0.4719799629637327, 'lr': 0.004796725329128699, 'n_epochs': 9.0}. Best is trial 5 with value: 0.6214128136634827.
