2024-05-13 12:00:26,373 | INFO | A new study created in memory with name: no-name-be5879a6-26ea-4614-a5a2-57368fccc271
2024-05-13 12:06:20,072 | INFO | Trial 0 finished with value: 0.4911699891090393 and parameters: {'n_mlp_layers': 4, 'mlp_layers_dim': 432.0, 'mlp_kwargs_dropout': True, 'mlp_kwargs_batchnorm': True, 'mlp_kwargs_dropout_rate': 0.6553666194289703, 'lr': 0.001539275289892625, 'n_epochs': 7.0}. Best is trial 0 with value: 0.4911699891090393.
2024-05-13 12:15:59,224 | INFO | Trial 1 finished with value: 0.5584989190101624 and parameters: {'n_mlp_layers': 10, 'mlp_layers_dim': 320.0, 'mlp_kwargs_dropout': False, 'mlp_kwargs_batchnorm': True, 'mlp_kwargs_dropout_rate': 0.3035481564658611, 'lr': 0.002866672775795787, 'n_epochs': 11.0}. Best is trial 1 with value: 0.5584989190101624.
2024-05-13 12:26:11,461 | INFO | Trial 2 finished with value: 0.6015452742576599 and parameters: {'n_mlp_layers': 5, 'mlp_layers_dim': 416.0, 'mlp_kwargs_dropout': False, 'mlp_kwargs_batchnorm': True, 'mlp_kwargs_dropout_rate': 0.5413210575058315, 'lr': 0.00468243880027843, 'n_epochs': 15.0}. Best is trial 2 with value: 0.6015452742576599.
2024-05-13 12:30:22,051 | INFO | Trial 3 finished with value: 0.546909511089325 and parameters: {'n_mlp_layers': 8, 'mlp_layers_dim': 320.0, 'mlp_kwargs_dropout': False, 'mlp_kwargs_batchnorm': True, 'mlp_kwargs_dropout_rate': 0.694097815943096, 'lr': 0.004279974867147724, 'n_epochs': 5.0}. Best is trial 2 with value: 0.6015452742576599.
2024-05-13 12:33:12,617 | INFO | Trial 4 finished with value: 0.4690949320793152 and parameters: {'n_mlp_layers': 9, 'mlp_layers_dim': 32.0, 'mlp_kwargs_dropout': True, 'mlp_kwargs_batchnorm': True, 'mlp_kwargs_dropout_rate': 0.14507951578813502, 'lr': 0.002046905649641966, 'n_epochs': 5.0}. Best is trial 2 with value: 0.6015452742576599.
2024-05-13 12:46:27,888 | INFO | Trial 5 finished with value: 0.5816776752471924 and parameters: {'n_mlp_layers': 9, 'mlp_layers_dim': 464.0, 'mlp_kwargs_dropout': True, 'mlp_kwargs_batchnorm': False, 'mlp_kwargs_dropout_rate': 0.25886475701586087, 'lr': 0.00405650964223666, 'n_epochs': 9.0}. Best is trial 2 with value: 0.6015452742576599.
2024-05-13 12:52:58,346 | INFO | Trial 6 finished with value: 0.5518763661384583 and parameters: {'n_mlp_layers': 3, 'mlp_layers_dim': 288.0, 'mlp_kwargs_dropout': False, 'mlp_kwargs_batchnorm': True, 'mlp_kwargs_dropout_rate': 0.6056816794568635, 'lr': 0.003073280446489504, 'n_epochs': 11.0}. Best is trial 2 with value: 0.6015452742576599.
2024-05-13 13:16:12,762 | INFO | Trial 7 finished with value: 0.3675496578216553 and parameters: {'n_mlp_layers': 10, 'mlp_layers_dim': 304.0, 'mlp_kwargs_dropout': True, 'mlp_kwargs_batchnorm': False, 'mlp_kwargs_dropout_rate': 0.48848545090968176, 'lr': 0.0006201112617676542, 'n_epochs': 19.0}. Best is trial 2 with value: 0.6015452742576599.
